INFO: [VRFC 10-2263] Analyzing Verilog file "D:/OneDrive - HKUST Connect/ust/22-23fall/ELEC4320/project/Function_generator/Function_generator.gen/sources_1/ip/blk_mem_gen_2/sim/blk_mem_gen_2.v" into library xil_defaultlib
INFO: [VRFC 10-311] analyzing module blk_mem_gen_2
INFO: [VRFC 10-2263] Analyzing Verilog file "D:/OneDrive - HKUST Connect/ust/22-23fall/ELEC4320/project/Function_generator/Function_generator.gen/sources_1/ip/blk_mem_gen_1/sim/blk_mem_gen_1.v" into library xil_defaultlib
INFO: [VRFC 10-311] analyzing module blk_mem_gen_1
INFO: [VRFC 10-2263] Analyzing Verilog file "D:/OneDrive - HKUST Connect/ust/22-23fall/ELEC4320/project/Function_generator/Function_generator.gen/sources_1/ip/blk_mem_gen_0/sim/blk_mem_gen_0.v" into library xil_defaultlib
INFO: [VRFC 10-311] analyzing module blk_mem_gen_0
INFO: [VRFC 10-2263] Analyzing Verilog file "D:/OneDrive - HKUST Connect/ust/22-23fall/ELEC4320/project/Function_generator/Function_generator.srcs/sources_1/new/Func_gen_top.v" into library xil_defaultlib
INFO: [VRFC 10-311] analyzing module Func_gen_top
INFO: [VRFC 10-2263] Analyzing Verilog file "D:/OneDrive - HKUST Connect/ust/22-23fall/ELEC4320/project/Function_generator/Function_generator.srcs/sources_1/new/Input_proc.v" into library xil_defaultlib
INFO: [VRFC 10-311] analyzing module Input_proc
INFO: [VRFC 10-2263] Analyzing Verilog file "D:/OneDrive - HKUST Connect/ust/22-23fall/ELEC4320/project/Function_generator/Function_generator.srcs/sources_1/new/clkw_gen.v" into library xil_defaultlib
INFO: [VRFC 10-311] analyzing module clkw_gen
INFO: [VRFC 10-2263] Analyzing Verilog file "D:/OneDrive - HKUST Connect/ust/22-23fall/ELEC4320/project/Function_generator/Function_generator.srcs/sources_1/new/saww_gen.v" into library xil_defaultlib
INFO: [VRFC 10-311] analyzing module saww_gen
INFO: [VRFC 10-2263] Analyzing Verilog file "D:/OneDrive - HKUST Connect/ust/22-23fall/ELEC4320/project/Function_generator/Function_generator.srcs/sources_1/imports/new/sin_gen.v" into library xil_defaultlib
INFO: [VRFC 10-311] analyzing module id_gen
INFO: [VRFC 10-2263] Analyzing Verilog file "D:/OneDrive - HKUST Connect/ust/22-23fall/ELEC4320/project/Function_generator/Function_generator.srcs/sources_1/new/triw_gen.v" into library xil_defaultlib
INFO: [VRFC 10-311] analyzing module triw_gen
INFO: [VRFC 10-2263] Analyzing Verilog file "D:/OneDrive - HKUST Connect/ust/22-23fall/ELEC4320/project/Function_generator/Function_generator.srcs/sim_1/new/tb.v" into library xil_defaultlib
INFO: [VRFC 10-311] analyzing module tb
